<?xml version="1.0" encoding="UTF-8"?>
<!-- Generated by org.testng.reporters.JUnitReportReporter -->
<testsuite hostname="LAPTOP-OGCNMIBR" failures="0" tests="1" name="com.heroapp.restfulbooker.GetBookingIds" time="2.448" errors="0" timestamp="2024-04-29T09:54:55 CDT" skipped="0">
  <testcase classname="com.heroapp.restfulbooker.GetBookingIds" name="GetBookingIdsa" time="2.448"/>
</testsuite> <!-- com.heroapp.restfulbooker.GetBookingIds -->
