<?xml version="1.0" encoding="UTF-8"?>
<!-- Generated by org.testng.reporters.JUnitReportReporter -->
<testsuite hostname="LAPTOP-OGCNMIBR" failures="0" tests="1" name="com.heroapp.restfulbooker.HealtheCheckTest" time="1.342" errors="0" timestamp="2024-04-24T13:07:56 CDT" skipped="0">
  <testcase classname="com.heroapp.restfulbooker.HealtheCheckTest" name="healthCheck" time="1.342"/>
</testsuite> <!-- com.heroapp.restfulbooker.HealtheCheckTest -->
