<?xml version="1.0" encoding="UTF-8"?>
<!-- Generated by org.testng.reporters.JUnitReportReporter -->
<testsuite hostname="LAPTOP-OGCNMIBR" failures="0" tests="1" name="RelativeLocator.RelativeLocatorRadio" time="10.055" errors="0" timestamp="2024-05-01T14:12:41 CDT" skipped="0">
  <testcase classname="RelativeLocator.RelativeLocatorRadio" name="radioRelative" time="10.055"/>
</testsuite> <!-- RelativeLocator.RelativeLocatorRadio -->
