<?xml version="1.0" encoding="UTF-8"?>
<!-- Generated by org.testng.reporters.JUnitReportReporter -->
<testsuite hostname="LAPTOP-OGCNMIBR" failures="0" tests="1" name="WindowPopUps.NewWindow" time="5.280" errors="0" timestamp="2024-04-30T21:25:13 CDT" skipped="0">
  <testcase classname="WindowPopUps.NewWindow" name="newWindow" time="5.280"/>
</testsuite> <!-- WindowPopUps.NewWindow -->
