<?xml version="1.0" encoding="UTF-8"?>
<!-- Generated by org.testng.reporters.JUnitReportReporter -->
<testsuite hostname="LAPTOP-OGCNMIBR" failures="0" tests="1" name="AlersJS.FileUpload" time="1.824" errors="0" timestamp="2024-04-30T11:12:05 CDT" skipped="0">
  <testcase classname="AlersJS.FileUpload" name="fileUpload" time="1.824"/>
</testsuite> <!-- AlersJS.FileUpload -->
