<?xml version="1.0" encoding="UTF-8"?>
<!-- Generated by org.testng.reporters.JUnitReportReporter -->
<testsuite hostname="LAPTOP-OGCNMIBR" failures="0" tests="1" name="WindowPopUps.WindowHandlersmultplecircle" time="27.844" errors="0" timestamp="2024-04-30T13:40:16 CDT" skipped="0">
  <testcase classname="WindowPopUps.WindowHandlersmultplecircle" name="windowhandleCircle" time="27.844"/>
</testsuite> <!-- WindowPopUps.WindowHandlersmultplecircle -->
