<?xml version="1.0" encoding="UTF-8"?>
<!-- Generated by org.testng.reporters.JUnitReportReporter -->
<testsuite hostname="LAPTOP-OGCNMIBR" failures="0" tests="1" name="AlersJS.AlersJavaScript" time="11.989" errors="0" timestamp="2024-04-29T21:43:44 CDT" skipped="0">
  <testcase classname="AlersJS.AlersJavaScript" name="AlertsExample" time="11.989"/>
</testsuite> <!-- AlersJS.AlersJavaScript -->
