<?xml version="1.0" encoding="UTF-8"?>
<!-- Generated by org.testng.reporters.JUnitReportReporter -->
<testsuite hostname="LAPTOP-OGCNMIBR" failures="0" tests="1" name="AlersJS.IFrameHandle" time="11.229" errors="0" timestamp="2024-04-30T12:07:58 CDT" skipped="0">
  <testcase classname="AlersJS.IFrameHandle" name="iFrameHandle" time="11.229"/>
</testsuite> <!-- AlersJS.IFrameHandle -->
