<?xml version="1.0" encoding="UTF-8"?>
<!-- Generated by org.testng.reporters.JUnitReportReporter -->
<testsuite hostname="LAPTOP-OGCNMIBR" failures="0" tests="1" name="Actions.scroolActions" time="9.324" errors="0" timestamp="2024-04-29T10:26:14 CDT" skipped="0">
  <testcase classname="Actions.scroolActions" name="scrollQuick" time="9.324"/>
</testsuite> <!-- Actions.scroolActions -->
