<?xml version="1.0" encoding="UTF-8"?>
<!-- Generated by org.testng.reporters.JUnitReportReporter -->
<testsuite hostname="LAPTOP-OGCNMIBR" failures="0" tests="1" name="Actions.ActionsTabSequence" time="7.262" errors="0" timestamp="2024-04-29T12:43:47 CDT" skipped="0">
  <testcase classname="Actions.ActionsTabSequence" name="ActionsTabSeq" time="7.262"/>
</testsuite> <!-- Actions.ActionsTabSequence -->
