<?xml version="1.0" encoding="UTF-8"?>
<!-- Generated by org.testng.reporters.JUnitReportReporter -->
<testsuite hostname="LAPTOP-OGCNMIBR" failures="0" tests="1" name="waitss.ExplicitlyWait" time="5.014" errors="0" timestamp="2024-05-03T00:39:51 CDT" skipped="0">
  <testcase classname="waitss.ExplicitlyWait" name="explicitlywaitEg" time="5.014"/>
</testsuite> <!-- waitss.ExplicitlyWait -->
