<?xml version="1.0" encoding="UTF-8"?>
<!-- Generated by org.testng.reporters.JUnitReportReporter -->
<testsuite hostname="LAPTOP-OGCNMIBR" failures="0" tests="1" name="JavaScriptExecutora" time="4.670" errors="0" timestamp="2024-05-02T13:51:15 CDT" skipped="0">
  <testcase classname="JavaScriptExecutora" name="JsScriptEg" time="4.670"/>
</testsuite> <!-- JavaScriptExecutora -->
