<?xml version="1.0" encoding="UTF-8"?>
<!-- Generated by org.testng.reporters.JUnitReportReporter -->
<testsuite hostname="LAPTOP-OGCNMIBR" failures="0" tests="1" name="AlersJS.AuthpopUpBasic" time="2.556" errors="0" timestamp="2024-04-30T11:06:11 CDT" skipped="0">
  <testcase classname="AlersJS.AuthpopUpBasic" name="basicPopUp" time="2.556"/>
</testsuite> <!-- AlersJS.AuthpopUpBasic -->
