<?xml version="1.0" encoding="UTF-8"?>
<!-- Generated by org.testng.reporters.JUnitReportReporter -->
<testsuite hostname="LAPTOP-OGCNMIBR" failures="0" tests="1" name="waitss.WaitonPageTitle" time="6.521" errors="0" timestamp="2024-05-03T12:54:17 CDT" skipped="0">
  <testcase classname="waitss.WaitonPageTitle" name="alertWait" time="6.521"/>
</testsuite> <!-- waitss.WaitonPageTitle -->
