<?xml version="1.0" encoding="UTF-8"?>
<!-- Generated by org.testng.reporters.JUnitReportReporter -->
<testsuite hostname="LAPTOP-OGCNMIBR" failures="0" tests="1" name="waitss.FluentWaita" time="6.623" errors="0" timestamp="2024-05-04T21:20:31 CDT" skipped="0">
  <testcase classname="waitss.FluentWaita" name="fluentwait" time="6.623"/>
</testsuite> <!-- waitss.FluentWaita -->
