<?xml version="1.0" encoding="UTF-8"?>
<!-- Generated by org.testng.reporters.JUnitReportReporter -->
<testsuite hostname="LAPTOP-OGCNMIBR" failures="0" tests="1" name="Actions.SendKeysVPause" time="11.975" errors="0" timestamp="2024-04-29T12:31:39 CDT" skipped="0">
  <testcase classname="Actions.SendKeysVPause" name="sendKeysWithPause" time="11.975"/>
</testsuite> <!-- Actions.SendKeysVPause -->
