<?xml version="1.0" encoding="UTF-8"?>
<!-- Generated by org.testng.reporters.JUnitReportReporter -->
<testsuite hostname="LAPTOP-OGCNMIBR" failures="0" tests="1" name="waitss.WaitsPratc2" time="4.392" errors="0" timestamp="2024-05-03T11:17:37 CDT" skipped="0">
  <testcase classname="waitss.WaitsPratc2" name="explWait" time="4.392"/>
</testsuite> <!-- waitss.WaitsPratc2 -->
