<?xml version="1.0" encoding="UTF-8"?>
<!-- Generated by org.testng.reporters.JUnitReportReporter -->
<testsuite hostname="LAPTOP-OGCNMIBR" failures="0" tests="1" name="RelativeLocator.RelativeAssigment" time="8.635" errors="0" timestamp="2024-05-01T11:03:06 CDT" skipped="0">
  <testcase classname="RelativeLocator.RelativeAssigment" name="relativeAssig" time="8.635"/>
</testsuite> <!-- RelativeLocator.RelativeAssigment -->
