<?xml version="1.0" encoding="UTF-8"?>
<!-- Generated by org.testng.reporters.JUnitReportReporter -->
<testsuite hostname="LAPTOP-OGCNMIBR" failures="0" tests="1" name="RelativeLocator.RelativeLocatorEx" time="9.835" errors="0" timestamp="2024-05-01T10:34:39 CDT" skipped="0">
  <testcase classname="RelativeLocator.RelativeLocatorEx" name="relTest1" time="9.835"/>
</testsuite> <!-- RelativeLocator.RelativeLocatorEx -->
