<?xml version="1.0" encoding="UTF-8"?>
<!-- Generated by org.testng.reporters.JUnitReportReporter -->
<testsuite hostname="LAPTOP-OGCNMIBR" failures="0" tests="1" name="AlersJS.FrameHandling" time="14.743" errors="0" timestamp="2024-04-30T11:28:56 CDT" skipped="0">
  <testcase classname="AlersJS.FrameHandling" name="frameHandling" time="14.743"/>
</testsuite> <!-- AlersJS.FrameHandling -->
