<?xml version="1.0" encoding="UTF-8"?>
<!-- Generated by org.testng.reporters.JUnitReportReporter -->
<testsuite hostname="LAPTOP-OGCNMIBR" failures="0" tests="1" name="Actions.WindowSize" time="4.792" errors="0" timestamp="2024-04-29T13:40:18 CDT" skipped="0">
  <testcase classname="Actions.WindowSize" name="windowsoze" time="4.792"/>
</testsuite> <!-- Actions.WindowSize -->
