<?xml version="1.0" encoding="UTF-8"?>
<!-- Generated by org.testng.reporters.JUnitReportReporter -->
<testsuite hostname="LAPTOP-OGCNMIBR" failures="0" tests="1" name="com.heroapp.restfulbooker.postsbookingID" time="2.008" errors="0" timestamp="2024-04-24T14:18:15 CDT" skipped="0">
  <testcase classname="com.heroapp.restfulbooker.postsbookingID" name="createBookingID" time="2.008"/>
</testsuite> <!-- com.heroapp.restfulbooker.postsbookingID -->
