<?xml version="1.0" encoding="UTF-8"?>
<!-- Generated by org.testng.reporters.JUnitReportReporter -->
<testsuite hostname="LAPTOP-OGCNMIBR" failures="0" tests="1" name="WindowPopUps.WindowHandlersmultpleStar" time="13.454" errors="0" timestamp="2024-04-30T21:10:17 CDT" skipped="0">
  <testcase classname="WindowPopUps.WindowHandlersmultpleStar" name="windowhandleCircle" time="13.454"/>
</testsuite> <!-- WindowPopUps.WindowHandlersmultpleStar -->
