<?xml version="1.0" encoding="UTF-8"?>
<!-- Generated by org.testng.reporters.JUnitReportReporter -->
<testsuite hostname="LAPTOP-OGCNMIBR" failures="0" tests="1" name="Actions.Signatute" time="4.192" errors="0" timestamp="2024-04-29T13:05:32 CDT" skipped="0">
  <testcase classname="Actions.Signatute" name="signaturecanvas" time="4.192"/>
</testsuite> <!-- Actions.Signatute -->
