<?xml version="1.0" encoding="UTF-8"?>
<!-- Generated by org.testng.reporters.JUnitReportReporter -->
<testsuite hostname="LAPTOP-OGCNMIBR" failures="0" tests="1" name="WindowPopUps.BrowserWindowPopUp" time="11.529" errors="0" timestamp="2024-04-30T21:05:25 CDT" skipped="0">
  <testcase classname="WindowPopUps.BrowserWindowPopUp" name="windowPopUp" time="11.529"/>
</testsuite> <!-- WindowPopUps.BrowserWindowPopUp -->
