<?xml version="1.0" encoding="UTF-8"?>
<!-- Generated by org.testng.reporters.JUnitReportReporter -->
<testsuite hostname="LAPTOP-OGCNMIBR" failures="0" tests="1" name="waitss.ImplicitlyWait" time="6.836" errors="0" timestamp="2024-05-02T23:51:55 CDT" skipped="0">
  <testcase classname="waitss.ImplicitlyWait" name="ImplicitlyWaita" time="6.836"/>
</testsuite> <!-- waitss.ImplicitlyWait -->
