<?xml version="1.0" encoding="UTF-8"?>
<!-- Generated by org.testng.reporters.JUnitReportReporter -->
<testsuite hostname="LAPTOP-OGCNMIBR" failures="0" tests="1" name="NestedFrames.NestedFramesEx" time="3.846" errors="0" timestamp="2024-05-02T23:30:47 CDT" skipped="0">
  <testcase classname="NestedFrames.NestedFramesEx" name="NframeEg" time="3.846"/>
</testsuite> <!-- NestedFrames.NestedFramesEx -->
